<?xml version="1.1" encoding="UTF-8"?>
<testsuite name="com.mycompany.myproject.test.unit.ExampleUnitTest" tests="1" failures="0" errors="0" timestamp="2013-07-20T11:43:28" hostname="Christophs-MacBook-Pro.local" time="0.001">
  <properties/>
  <testcase name="testVerticle" classname="com.mycompany.myproject.test.unit.ExampleUnitTest" time="0.001"/>
  <system-out><![CDATA[]]></system-out>
  <system-err><![CDATA[]]></system-err>
</testsuite>
