<?xml version="1.1" encoding="UTF-8"?>
<testsuite name="com.mycompany.myproject.test.integration.python.PythonIntegrationTests" tests="5" failures="0" errors="0" timestamp="2013-07-20T11:42:28" hostname="Christophs-MacBook-Pro.local" time="23.245">
  <properties/>
  <testcase name="src/test/resources/integration_tests/python|basic_integration_test.py|test_http" classname="com.mycompany.myproject.test.integration.python.PythonIntegrationTests" time="19.935"/>
  <testcase name="src/test/resources/integration_tests/python|basic_integration_test.py|test_deploy_arbitrary_verticle" classname="com.mycompany.myproject.test.integration.python.PythonIntegrationTests" time="0.759"/>
  <testcase name="src/test/resources/integration_tests/python|basic_integration_test.py|test_complete_on_timer" classname="com.mycompany.myproject.test.integration.python.PythonIntegrationTests" time="1.59"/>
  <testcase name="src/test/resources/integration_tests/python|module_integration_test.py|test_ping" classname="com.mycompany.myproject.test.integration.python.PythonIntegrationTests" time="0.511"/>
  <testcase name="src/test/resources/integration_tests/python|module_integration_test.py|test_something_else" classname="com.mycompany.myproject.test.integration.python.PythonIntegrationTests" time="0.448"/>
  <system-out><![CDATA[Starting test: src/test/resources/integration_tests/python|basic_integration_test.py|test_http
Starting test: src/test/resources/integration_tests/python|basic_integration_test.py|test_deploy_arbitrary_verticle
Starting test: src/test/resources/integration_tests/python|basic_integration_test.py|test_complete_on_timer
Starting test: src/test/resources/integration_tests/python|module_integration_test.py|test_ping
Starting test: src/test/resources/integration_tests/python|module_integration_test.py|test_something_else
]]></system-out>
  <system-err><![CDATA[Jul 20, 2013 1:42:28 PM org.vertx.java.core.logging.impl.JULLogDelegate info
INFO: Downloading io.vertx~lang-jython~2.0.0-final. Please wait...
Jul 20, 2013 1:42:45 PM org.vertx.java.core.logging.impl.JULLogDelegate info
INFO: Module io.vertx~lang-jython~2.0.0-final successfully installed
Jul 20, 2013 1:42:51 PM org.vertx.java.core.logging.impl.JULLogDelegate info
INFO: PingVerticle started
Jul 20, 2013 1:42:51 PM org.vertx.java.core.logging.impl.JULLogDelegate info
INFO: Sent back pong
Jul 20, 2013 1:42:51 PM org.vertx.java.core.logging.impl.JULLogDelegate info
INFO: PingVerticle started
]]></system-err>
</testsuite>
